
AVRASM ver. 2.1.30  C:\Users\Rasam\Desktop\final_micro_project\Debug\List\final.asm Fri Jun 11 17:51:13 2021

C:\Users\Rasam\Desktop\final_micro_project\Debug\List\final.asm(1088): warning: Register r4 already defined by the .DEF directive
C:\Users\Rasam\Desktop\final_micro_project\Debug\List\final.asm(1089): warning: Register r5 already defined by the .DEF directive
C:\Users\Rasam\Desktop\final_micro_project\Debug\List\final.asm(1090): warning: Register r6 already defined by the .DEF directive
C:\Users\Rasam\Desktop\final_micro_project\Debug\List\final.asm(1091): warning: Register r7 already defined by the .DEF directive
C:\Users\Rasam\Desktop\final_micro_project\Debug\List\final.asm(1092): warning: Register r8 already defined by the .DEF directive
C:\Users\Rasam\Desktop\final_micro_project\Debug\List\final.asm(1093): warning: Register r9 already defined by the .DEF directive
C:\Users\Rasam\Desktop\final_micro_project\Debug\List\final.asm(1094): warning: Register r10 already defined by the .DEF directive
C:\Users\Rasam\Desktop\final_micro_project\Debug\List\final.asm(1095): warning: Register r11 already defined by the .DEF directive
C:\Users\Rasam\Desktop\final_micro_project\Debug\List\final.asm(1096): warning: Register r12 already defined by the .DEF directive
C:\Users\Rasam\Desktop\final_micro_project\Debug\List\final.asm(1097): warning: Register r13 already defined by the .DEF directive
                 
                 
                 ;CodeVisionAVR C Compiler V3.12 Advanced
                 ;(C) Copyright 1998-2014 Pavel Haiduc, HP InfoTech s.r.l.
                 ;http://www.hpinfotech.com
                 
                 ;Build configuration    : Debug
                 ;Chip type              : ATmega16
                 ;Program type           : Application
                 ;Clock frequency        : 1.000000 MHz
                 ;Memory model           : Small
                 ;Optimize for           : Size
                 ;(s)printf features     : int, width
                 ;(s)scanf features      : int, width
                 ;External RAM size      : 0
                 ;Data Stack size        : 256 byte(s)
                 ;Heap size              : 0 byte(s)
                 ;Promote 'char' to 'int': Yes
                 ;'char' is unsigned     : Yes
                 ;8 bit enums            : Yes
                 ;Global 'const' stored in FLASH: Yes
                 ;Enhanced function parameter passing: Yes
                 ;Enhanced core instructions: On
                 ;Automatic register allocation for global variables: On
                 ;Smart register allocation: On
                 
                 	#define _MODEL_SMALL_
                 
                 	#pragma AVRPART ADMIN PART_NAME ATmega16
                 	#pragma AVRPART MEMORY PROG_FLASH 16384
                 	#pragma AVRPART MEMORY EEPROM 512
                 	#pragma AVRPART MEMORY INT_SRAM SIZE 1024
                 	#pragma AVRPART MEMORY INT_SRAM START_ADDR 0x60
                 
                 	#define CALL_SUPPORTED 1
                 
                 	.LISTMAC
                 	.EQU UDRE=0x5
                 	.EQU RXC=0x7
                 	.EQU USR=0xB
                 	.EQU UDR=0xC
                 	.EQU SPSR=0xE
                 	.EQU SPDR=0xF
                 	.EQU EERE=0x0
                 	.EQU EEWE=0x1
                 	.EQU EEMWE=0x2
                 	.EQU EECR=0x1C
                 	.EQU EEDR=0x1D
                 	.EQU EEARL=0x1E
                 	.EQU EEARH=0x1F
                 	.EQU WDTCR=0x21
                 	.EQU MCUCR=0x35
                 	.EQU GICR=0x3B
                 	.EQU SPL=0x3D
                 	.EQU SPH=0x3E
                 	.EQU SREG=0x3F
                 
                 	.DEF R0X0=R0
                 	.DEF R0X1=R1
                 	.DEF R0X2=R2
                 	.DEF R0X3=R3
                 	.DEF R0X4=R4
                 	.DEF R0X5=R5
                 	.DEF R0X6=R6
                 	.DEF R0X7=R7
                 	.DEF R0X8=R8
                 	.DEF R0X9=R9
                 	.DEF R0XA=R10
                 	.DEF R0XB=R11
                 	.DEF R0XC=R12
                 	.DEF R0XD=R13
                 	.DEF R0XE=R14
                 	.DEF R0XF=R15
                 	.DEF R0X10=R16
                 	.DEF R0X11=R17
                 	.DEF R0X12=R18
                 	.DEF R0X13=R19
                 	.DEF R0X14=R20
                 	.DEF R0X15=R21
                 	.DEF R0X16=R22
                 	.DEF R0X17=R23
                 	.DEF R0X18=R24
                 	.DEF R0X19=R25
                 	.DEF R0X1A=R26
                 	.DEF R0X1B=R27
                 	.DEF R0X1C=R28
                 	.DEF R0X1D=R29
                 	.DEF R0X1E=R30
                 	.DEF R0X1F=R31
                 
                 	.EQU __SRAM_START=0x0060
                 	.EQU __SRAM_END=0x045F
                 	.EQU __DSTACK_SIZE=0x0100
                 	.EQU __HEAP_SIZE=0x0000
                 	.EQU __CLEAR_SRAM_SIZE=__SRAM_END-__SRAM_START+1
                 
                 	.MACRO __CPD1N
                 	CPI  R30,LOW(@0)
                 	LDI  R26,HIGH(@0)
                 	CPC  R31,R26
                 	LDI  R26,BYTE3(@0)
                 	CPC  R22,R26
                 	LDI  R26,BYTE4(@0)
                 	CPC  R23,R26
                 	.ENDM
                 
                 	.MACRO __CPD2N
                 	CPI  R26,LOW(@0)
                 	LDI  R30,HIGH(@0)
                 	CPC  R27,R30
                 	LDI  R30,BYTE3(@0)
                 	CPC  R24,R30
                 	LDI  R30,BYTE4(@0)
                 	CPC  R25,R30
                 	.ENDM
                 
                 	.MACRO __CPWRR
                 	CP   R@0,R@2
                 	CPC  R@1,R@3
                 	.ENDM
                 
                 	.MACRO __CPWRN
                 	CPI  R@0,LOW(@2)
                 	LDI  R30,HIGH(@2)
                 	CPC  R@1,R30
                 	.ENDM
                 
                 	.MACRO __ADDB1MN
                 	SUBI R30,LOW(-@0-(@1))
                 	.ENDM
                 
                 	.MACRO __ADDB2MN
                 	SUBI R26,LOW(-@0-(@1))
                 	.ENDM
                 
                 	.MACRO __ADDW1MN
                 	SUBI R30,LOW(-@0-(@1))
                 	SBCI R31,HIGH(-@0-(@1))
                 	.ENDM
                 
                 	.MACRO __ADDW2MN
                 	SUBI R26,LOW(-@0-(@1))
                 	SBCI R27,HIGH(-@0-(@1))
                 	.ENDM
                 
                 	.MACRO __ADDW1FN
                 	SUBI R30,LOW(-2*@0-(@1))
                 	SBCI R31,HIGH(-2*@0-(@1))
                 	.ENDM
                 
                 	.MACRO __ADDD1FN
                 	SUBI R30,LOW(-2*@0-(@1))
                 	SBCI R31,HIGH(-2*@0-(@1))
                 	SBCI R22,BYTE3(-2*@0-(@1))
                 	.ENDM
                 
                 	.MACRO __ADDD1N
                 	SUBI R30,LOW(-@0)
                 	SBCI R31,HIGH(-@0)
                 	SBCI R22,BYTE3(-@0)
                 	SBCI R23,BYTE4(-@0)
                 	.ENDM
                 
                 	.MACRO __ADDD2N
                 	SUBI R26,LOW(-@0)
                 	SBCI R27,HIGH(-@0)
                 	SBCI R24,BYTE3(-@0)
                 	SBCI R25,BYTE4(-@0)
                 	.ENDM
                 
                 	.MACRO __SUBD1N
                 	SUBI R30,LOW(@0)
                 	SBCI R31,HIGH(@0)
                 	SBCI R22,BYTE3(@0)
                 	SBCI R23,BYTE4(@0)
                 	.ENDM
                 
                 	.MACRO __SUBD2N
                 	SUBI R26,LOW(@0)
                 	SBCI R27,HIGH(@0)
                 	SBCI R24,BYTE3(@0)
                 	SBCI R25,BYTE4(@0)
                 	.ENDM
                 
                 	.MACRO __ANDBMNN
                 	LDS  R30,@0+(@1)
                 	ANDI R30,LOW(@2)
                 	STS  @0+(@1),R30
                 	.ENDM
                 
                 	.MACRO __ANDWMNN
                 	LDS  R30,@0+(@1)
                 	ANDI R30,LOW(@2)
                 	STS  @0+(@1),R30
                 	LDS  R30,@0+(@1)+1
                 	ANDI R30,HIGH(@2)
                 	STS  @0+(@1)+1,R30
                 	.ENDM
                 
                 	.MACRO __ANDD1N
                 	ANDI R30,LOW(@0)
                 	ANDI R31,HIGH(@0)
                 	ANDI R22,BYTE3(@0)
                 	ANDI R23,BYTE4(@0)
                 	.ENDM
                 
                 	.MACRO __ANDD2N
                 	ANDI R26,LOW(@0)
                 	ANDI R27,HIGH(@0)
                 	ANDI R24,BYTE3(@0)
                 	ANDI R25,BYTE4(@0)
                 	.ENDM
                 
                 	.MACRO __ORBMNN
                 	LDS  R30,@0+(@1)
                 	ORI  R30,LOW(@2)
                 	STS  @0+(@1),R30
                 	.ENDM
                 
                 	.MACRO __ORWMNN
                 	LDS  R30,@0+(@1)
                 	ORI  R30,LOW(@2)
                 	STS  @0+(@1),R30
                 	LDS  R30,@0+(@1)+1
                 	ORI  R30,HIGH(@2)
                 	STS  @0+(@1)+1,R30
                 	.ENDM
                 
                 	.MACRO __ORD1N
                 	ORI  R30,LOW(@0)
                 	ORI  R31,HIGH(@0)
                 	ORI  R22,BYTE3(@0)
                 	ORI  R23,BYTE4(@0)
                 	.ENDM
                 
                 	.MACRO __ORD2N
                 	ORI  R26,LOW(@0)
                 	ORI  R27,HIGH(@0)
                 	ORI  R24,BYTE3(@0)
                 	ORI  R25,BYTE4(@0)
                 	.ENDM
                 
                 	.MACRO __DELAY_USB
                 	LDI  R24,LOW(@0)
                 __DELAY_USB_LOOP:
                 	DEC  R24
                 	BRNE __DELAY_USB_LOOP
                 	.ENDM
                 
                 	.MACRO __DELAY_USW
                 	LDI  R24,LOW(@0)
                 	LDI  R25,HIGH(@0)
                 __DELAY_USW_LOOP:
                 	SBIW R24,1
                 	BRNE __DELAY_USW_LOOP
                 	.ENDM
                 
                 	.MACRO __GETD1S
                 	LDD  R30,Y+@0
                 	LDD  R31,Y+@0+1
                 	LDD  R22,Y+@0+2
                 	LDD  R23,Y+@0+3
                 	.ENDM
                 
                 	.MACRO __GETD2S
                 	LDD  R26,Y+@0
                 	LDD  R27,Y+@0+1
                 	LDD  R24,Y+@0+2
                 	LDD  R25,Y+@0+3
                 	.ENDM
                 
                 	.MACRO __PUTD1S
                 	STD  Y+@0,R30
                 	STD  Y+@0+1,R31
                 	STD  Y+@0+2,R22
                 	STD  Y+@0+3,R23
                 	.ENDM
                 
                 	.MACRO __PUTD2S
                 	STD  Y+@0,R26
                 	STD  Y+@0+1,R27
                 	STD  Y+@0+2,R24
                 	STD  Y+@0+3,R25
                 	.ENDM
                 
                 	.MACRO __PUTDZ2
                 	STD  Z+@0,R26
                 	STD  Z+@0+1,R27
                 	STD  Z+@0+2,R24
                 	STD  Z+@0+3,R25
                 	.ENDM
                 
                 	.MACRO __CLRD1S
                 	STD  Y+@0,R30
                 	STD  Y+@0+1,R30
                 	STD  Y+@0+2,R30
                 	STD  Y+@0+3,R30
                 	.ENDM
                 
                 	.MACRO __POINTB1MN
                 	LDI  R30,LOW(@0+(@1))
                 	.ENDM
                 
                 	.MACRO __POINTW1MN
                 	LDI  R30,LOW(@0+(@1))
                 	LDI  R31,HIGH(@0+(@1))
                 	.ENDM
                 
                 	.MACRO __POINTD1M
                 	LDI  R30,LOW(@0)
                 	LDI  R31,HIGH(@0)
                 	LDI  R22,BYTE3(@0)
                 	LDI  R23,BYTE4(@0)
                 	.ENDM
                 
                 	.MACRO __POINTW1FN
                 	LDI  R30,LOW(2*@0+(@1))
                 	LDI  R31,HIGH(2*@0+(@1))
                 	.ENDM
                 
                 	.MACRO __POINTD1FN
                 	LDI  R30,LOW(2*@0+(@1))
                 	LDI  R31,HIGH(2*@0+(@1))
                 	LDI  R22,BYTE3(2*@0+(@1))
                 	LDI  R23,BYTE4(2*@0+(@1))
                 	.ENDM
                 
                 	.MACRO __POINTB2MN
                 	LDI  R26,LOW(@0+(@1))
                 	.ENDM
                 
                 	.MACRO __POINTW2MN
                 	LDI  R26,LOW(@0+(@1))
                 	LDI  R27,HIGH(@0+(@1))
                 	.ENDM
                 
                 	.MACRO __POINTW2FN
                 	LDI  R26,LOW(2*@0+(@1))
                 	LDI  R27,HIGH(2*@0+(@1))
                 	.ENDM
                 
                 	.MACRO __POINTD2FN
                 	LDI  R26,LOW(2*@0+(@1))
                 	LDI  R27,HIGH(2*@0+(@1))
                 	LDI  R24,BYTE3(2*@0+(@1))
                 	LDI  R25,BYTE4(2*@0+(@1))
                 	.ENDM
                 
                 	.MACRO __POINTBRM
                 	LDI  R@0,LOW(@1)
                 	.ENDM
                 
                 	.MACRO __POINTWRM
                 	LDI  R@0,LOW(@2)
                 	LDI  R@1,HIGH(@2)
                 	.ENDM
                 
                 	.MACRO __POINTBRMN
                 	LDI  R@0,LOW(@1+(@2))
                 	.ENDM
                 
                 	.MACRO __POINTWRMN
                 	LDI  R@0,LOW(@2+(@3))
                 	LDI  R@1,HIGH(@2+(@3))
                 	.ENDM
                 
                 	.MACRO __POINTWRFN
                 	LDI  R@0,LOW(@2*2+(@3))
                 	LDI  R@1,HIGH(@2*2+(@3))
                 	.ENDM
                 
                 	.MACRO __GETD1N
                 	LDI  R30,LOW(@0)
                 	LDI  R31,HIGH(@0)
                 	LDI  R22,BYTE3(@0)
                 	LDI  R23,BYTE4(@0)
                 	.ENDM
                 
                 	.MACRO __GETD2N
                 	LDI  R26,LOW(@0)
                 	LDI  R27,HIGH(@0)
                 	LDI  R24,BYTE3(@0)
                 	LDI  R25,BYTE4(@0)
                 	.ENDM
                 
                 	.MACRO __GETB1MN
                 	LDS  R30,@0+(@1)
                 	.ENDM
                 
                 	.MACRO __GETB1HMN
                 	LDS  R31,@0+(@1)
                 	.ENDM
                 
                 	.MACRO __GETW1MN
                 	LDS  R30,@0+(@1)
                 	LDS  R31,@0+(@1)+1
                 	.ENDM
                 
                 	.MACRO __GETD1MN
                 	LDS  R30,@0+(@1)
                 	LDS  R31,@0+(@1)+1
                 	LDS  R22,@0+(@1)+2
                 	LDS  R23,@0+(@1)+3
                 	.ENDM
                 
                 	.MACRO __GETBRMN
                 	LDS  R@0,@1+(@2)
                 	.ENDM
                 
                 	.MACRO __GETWRMN
                 	LDS  R@0,@2+(@3)
                 	LDS  R@1,@2+(@3)+1
                 	.ENDM
                 
                 	.MACRO __GETWRZ
                 	LDD  R@0,Z+@2
                 	LDD  R@1,Z+@2+1
                 	.ENDM
                 
                 	.MACRO __GETD2Z
                 	LDD  R26,Z+@0
                 	LDD  R27,Z+@0+1
                 	LDD  R24,Z+@0+2
                 	LDD  R25,Z+@0+3
                 	.ENDM
                 
                 	.MACRO __GETB2MN
                 	LDS  R26,@0+(@1)
                 	.ENDM
                 
                 	.MACRO __GETW2MN
                 	LDS  R26,@0+(@1)
                 	LDS  R27,@0+(@1)+1
                 	.ENDM
                 
                 	.MACRO __GETD2MN
                 	LDS  R26,@0+(@1)
                 	LDS  R27,@0+(@1)+1
                 	LDS  R24,@0+(@1)+2
                 	LDS  R25,@0+(@1)+3
                 	.ENDM
                 
                 	.MACRO __PUTB1MN
                 	STS  @0+(@1),R30
                 	.ENDM
                 
                 	.MACRO __PUTW1MN
                 	STS  @0+(@1),R30
                 	STS  @0+(@1)+1,R31
                 	.ENDM
                 
                 	.MACRO __PUTD1MN
                 	STS  @0+(@1),R30
                 	STS  @0+(@1)+1,R31
                 	STS  @0+(@1)+2,R22
                 	STS  @0+(@1)+3,R23
                 	.ENDM
                 
                 	.MACRO __PUTB1EN
                 	LDI  R26,LOW(@0+(@1))
                 	LDI  R27,HIGH(@0+(@1))
                 	CALL __EEPROMWRB
                 	.ENDM
                 
                 	.MACRO __PUTW1EN
                 	LDI  R26,LOW(@0+(@1))
                 	LDI  R27,HIGH(@0+(@1))
                 	CALL __EEPROMWRW
                 	.ENDM
                 
                 	.MACRO __PUTD1EN
                 	LDI  R26,LOW(@0+(@1))
                 	LDI  R27,HIGH(@0+(@1))
                 	CALL __EEPROMWRD
                 	.ENDM
                 
                 	.MACRO __PUTBR0MN
                 	STS  @0+(@1),R0
                 	.ENDM
                 
                 	.MACRO __PUTBMRN
                 	STS  @0+(@1),R@2
                 	.ENDM
                 
                 	.MACRO __PUTWMRN
                 	STS  @0+(@1),R@2
                 	STS  @0+(@1)+1,R@3
                 	.ENDM
                 
                 	.MACRO __PUTBZR
                 	STD  Z+@1,R@0
                 	.ENDM
                 
                 	.MACRO __PUTWZR
                 	STD  Z+@2,R@0
                 	STD  Z+@2+1,R@1
                 	.ENDM
                 
                 	.MACRO __GETW1R
                 	MOV  R30,R@0
                 	MOV  R31,R@1
                 	.ENDM
                 
                 	.MACRO __GETW2R
                 	MOV  R26,R@0
                 	MOV  R27,R@1
                 	.ENDM
                 
                 	.MACRO __GETWRN
                 	LDI  R@0,LOW(@2)
                 	LDI  R@1,HIGH(@2)
                 	.ENDM
                 
                 	.MACRO __PUTW1R
                 	MOV  R@0,R30
                 	MOV  R@1,R31
                 	.ENDM
                 
                 	.MACRO __PUTW2R
                 	MOV  R@0,R26
                 	MOV  R@1,R27
                 	.ENDM
                 
                 	.MACRO __ADDWRN
                 	SUBI R@0,LOW(-@2)
                 	SBCI R@1,HIGH(-@2)
                 	.ENDM
                 
                 	.MACRO __ADDWRR
                 	ADD  R@0,R@2
                 	ADC  R@1,R@3
                 	.ENDM
                 
                 	.MACRO __SUBWRN
                 	SUBI R@0,LOW(@2)
                 	SBCI R@1,HIGH(@2)
                 	.ENDM
                 
                 	.MACRO __SUBWRR
                 	SUB  R@0,R@2
                 	SBC  R@1,R@3
                 	.ENDM
                 
                 	.MACRO __ANDWRN
                 	ANDI R@0,LOW(@2)
                 	ANDI R@1,HIGH(@2)
                 	.ENDM
                 
                 	.MACRO __ANDWRR
                 	AND  R@0,R@2
                 	AND  R@1,R@3
                 	.ENDM
                 
                 	.MACRO __ORWRN
                 	ORI  R@0,LOW(@2)
                 	ORI  R@1,HIGH(@2)
                 	.ENDM
                 
                 	.MACRO __ORWRR
                 	OR   R@0,R@2
                 	OR   R@1,R@3
                 	.ENDM
                 
                 	.MACRO __EORWRR
                 	EOR  R@0,R@2
                 	EOR  R@1,R@3
                 	.ENDM
                 
                 	.MACRO __GETWRS
                 	LDD  R@0,Y+@2
                 	LDD  R@1,Y+@2+1
                 	.ENDM
                 
                 	.MACRO __PUTBSR
                 	STD  Y+@1,R@0
                 	.ENDM
                 
                 	.MACRO __PUTWSR
                 	STD  Y+@2,R@0
                 	STD  Y+@2+1,R@1
                 	.ENDM
                 
                 	.MACRO __MOVEWRR
                 	MOV  R@0,R@2
                 	MOV  R@1,R@3
                 	.ENDM
                 
                 	.MACRO __INWR
                 	IN   R@0,@2
                 	IN   R@1,@2+1
                 	.ENDM
                 
                 	.MACRO __OUTWR
                 	OUT  @2+1,R@1
                 	OUT  @2,R@0
                 	.ENDM
                 
                 	.MACRO __CALL1MN
                 	LDS  R30,@0+(@1)
                 	LDS  R31,@0+(@1)+1
                 	ICALL
                 	.ENDM
                 
                 	.MACRO __CALL1FN
                 	LDI  R30,LOW(2*@0+(@1))
                 	LDI  R31,HIGH(2*@0+(@1))
                 	CALL __GETW1PF
                 	ICALL
                 	.ENDM
                 
                 	.MACRO __CALL2EN
                 	PUSH R26
                 	PUSH R27
                 	LDI  R26,LOW(@0+(@1))
                 	LDI  R27,HIGH(@0+(@1))
                 	CALL __EEPROMRDW
                 	POP  R27
                 	POP  R26
                 	ICALL
                 	.ENDM
                 
                 	.MACRO __CALL2EX
                 	SUBI R26,LOW(-@0)
                 	SBCI R27,HIGH(-@0)
                 	CALL __EEPROMRDD
                 	ICALL
                 	.ENDM
                 
                 	.MACRO __GETW1STACK
                 	IN   R30,SPL
                 	IN   R31,SPH
                 	ADIW R30,@0+1
                 	LD   R0,Z+
                 	LD   R31,Z
                 	MOV  R30,R0
                 	.ENDM
                 
                 	.MACRO __GETD1STACK
                 	IN   R30,SPL
                 	IN   R31,SPH
                 	ADIW R30,@0+1
                 	LD   R0,Z+
                 	LD   R1,Z+
                 	LD   R22,Z
                 	MOVW R30,R0
                 	.ENDM
                 
                 	.MACRO __NBST
                 	BST  R@0,@1
                 	IN   R30,SREG
                 	LDI  R31,0x40
                 	EOR  R30,R31
                 	OUT  SREG,R30
                 	.ENDM
                 
                 
                 	.MACRO __PUTB1SN
                 	LDD  R26,Y+@0
                 	LDD  R27,Y+@0+1
                 	SUBI R26,LOW(-@1)
                 	SBCI R27,HIGH(-@1)
                 	ST   X,R30
                 	.ENDM
                 
                 	.MACRO __PUTW1SN
                 	LDD  R26,Y+@0
                 	LDD  R27,Y+@0+1
                 	SUBI R26,LOW(-@1)
                 	SBCI R27,HIGH(-@1)
                 	ST   X+,R30
                 	ST   X,R31
                 	.ENDM
                 
                 	.MACRO __PUTD1SN
                 	LDD  R26,Y+@0
                 	LDD  R27,Y+@0+1
                 	SUBI R26,LOW(-@1)
                 	SBCI R27,HIGH(-@1)
                 	CALL __PUTDP1
                 	.ENDM
                 
                 	.MACRO __PUTB1SNS
                 	LDD  R26,Y+@0
                 	LDD  R27,Y+@0+1
                 	ADIW R26,@1
                 	ST   X,R30
                 	.ENDM
                 
                 	.MACRO __PUTW1SNS
                 	LDD  R26,Y+@0
                 	LDD  R27,Y+@0+1
                 	ADIW R26,@1
                 	ST   X+,R30
                 	ST   X,R31
                 	.ENDM
                 
                 	.MACRO __PUTD1SNS
                 	LDD  R26,Y+@0
                 	LDD  R27,Y+@0+1
                 	ADIW R26,@1
                 	CALL __PUTDP1
                 	.ENDM
                 
                 	.MACRO __PUTB1PMN
                 	LDS  R26,@0
                 	LDS  R27,@0+1
                 	SUBI R26,LOW(-@1)
                 	SBCI R27,HIGH(-@1)
                 	ST   X,R30
                 	.ENDM
                 
                 	.MACRO __PUTW1PMN
                 	LDS  R26,@0
                 	LDS  R27,@0+1
                 	SUBI R26,LOW(-@1)
                 	SBCI R27,HIGH(-@1)
                 	ST   X+,R30
                 	ST   X,R31
                 	.ENDM
                 
                 	.MACRO __PUTD1PMN
                 	LDS  R26,@0
                 	LDS  R27,@0+1
                 	SUBI R26,LOW(-@1)
                 	SBCI R27,HIGH(-@1)
                 	CALL __PUTDP1
                 	.ENDM
                 
                 	.MACRO __PUTB1PMNS
                 	LDS  R26,@0
                 	LDS  R27,@0+1
                 	ADIW R26,@1
                 	ST   X,R30
                 	.ENDM
                 
                 	.MACRO __PUTW1PMNS
                 	LDS  R26,@0
                 	LDS  R27,@0+1
                 	ADIW R26,@1
                 	ST   X+,R30
                 	ST   X,R31
                 	.ENDM
                 
                 	.MACRO __PUTD1PMNS
                 	LDS  R26,@0
                 	LDS  R27,@0+1
                 	ADIW R26,@1
                 	CALL __PUTDP1
                 	.ENDM
                 
                 	.MACRO __PUTB1RN
                 	MOVW R26,R@0
                 	SUBI R26,LOW(-@1)
                 	SBCI R27,HIGH(-@1)
                 	ST   X,R30
                 	.ENDM
                 
                 	.MACRO __PUTW1RN
                 	MOVW R26,R@0
                 	SUBI R26,LOW(-@1)
                 	SBCI R27,HIGH(-@1)
                 	ST   X+,R30
                 	ST   X,R31
                 	.ENDM
                 
                 	.MACRO __PUTD1RN
                 	MOVW R26,R@0
                 	SUBI R26,LOW(-@1)
                 	SBCI R27,HIGH(-@1)
                 	CALL __PUTDP1
                 	.ENDM
                 
                 	.MACRO __PUTB1RNS
                 	MOVW R26,R@0
                 	ADIW R26,@1
                 	ST   X,R30
                 	.ENDM
                 
                 	.MACRO __PUTW1RNS
                 	MOVW R26,R@0
                 	ADIW R26,@1
                 	ST   X+,R30
                 	ST   X,R31
                 	.ENDM
                 
                 	.MACRO __PUTD1RNS
                 	MOVW R26,R@0
                 	ADIW R26,@1
                 	CALL __PUTDP1
                 	.ENDM
                 
                 	.MACRO __PUTB1RON
                 	MOV  R26,R@0
                 	MOV  R27,R@1
                 	SUBI R26,LOW(-@2)
                 	SBCI R27,HIGH(-@2)
                 	ST   X,R30
                 	.ENDM
                 
                 	.MACRO __PUTW1RON
                 	MOV  R26,R@0
                 	MOV  R27,R@1
                 	SUBI R26,LOW(-@2)
                 	SBCI R27,HIGH(-@2)
                 	ST   X+,R30
                 	ST   X,R31
                 	.ENDM
                 
                 	.MACRO __PUTD1RON
                 	MOV  R26,R@0
                 	MOV  R27,R@1
                 	SUBI R26,LOW(-@2)
                 	SBCI R27,HIGH(-@2)
                 	CALL __PUTDP1
                 	.ENDM
                 
                 	.MACRO __PUTB1RONS
                 	MOV  R26,R@0
                 	MOV  R27,R@1
                 	ADIW R26,@2
                 	ST   X,R30
                 	.ENDM
                 
                 	.MACRO __PUTW1RONS
                 	MOV  R26,R@0
                 	MOV  R27,R@1
                 	ADIW R26,@2
                 	ST   X+,R30
                 	ST   X,R31
                 	.ENDM
                 
                 	.MACRO __PUTD1RONS
                 	MOV  R26,R@0
                 	MOV  R27,R@1
                 	ADIW R26,@2
                 	CALL __PUTDP1
                 	.ENDM
                 
                 
                 	.MACRO __GETB1SX
                 	MOVW R30,R28
                 	SUBI R30,LOW(-@0)
                 	SBCI R31,HIGH(-@0)
                 	LD   R30,Z
                 	.ENDM
                 
                 	.MACRO __GETB1HSX
                 	MOVW R30,R28
                 	SUBI R30,LOW(-@0)
                 	SBCI R31,HIGH(-@0)
                 	LD   R31,Z
                 	.ENDM
                 
                 	.MACRO __GETW1SX
                 	MOVW R30,R28
                 	SUBI R30,LOW(-@0)
                 	SBCI R31,HIGH(-@0)
                 	LD   R0,Z+
                 	LD   R31,Z
                 	MOV  R30,R0
                 	.ENDM
                 
                 	.MACRO __GETD1SX
                 	MOVW R30,R28
                 	SUBI R30,LOW(-@0)
                 	SBCI R31,HIGH(-@0)
                 	LD   R0,Z+
                 	LD   R1,Z+
                 	LD   R22,Z+
                 	LD   R23,Z
                 	MOVW R30,R0
                 	.ENDM
                 
                 	.MACRO __GETB2SX
                 	MOVW R26,R28
                 	SUBI R26,LOW(-@0)
                 	SBCI R27,HIGH(-@0)
                 	LD   R26,X
                 	.ENDM
                 
                 	.MACRO __GETW2SX
                 	MOVW R26,R28
                 	SUBI R26,LOW(-@0)
                 	SBCI R27,HIGH(-@0)
                 	LD   R0,X+
                 	LD   R27,X
                 	MOV  R26,R0
                 	.ENDM
                 
                 	.MACRO __GETD2SX
                 	MOVW R26,R28
                 	SUBI R26,LOW(-@0)
                 	SBCI R27,HIGH(-@0)
                 	LD   R0,X+
                 	LD   R1,X+
                 	LD   R24,X+
                 	LD   R25,X
                 	MOVW R26,R0
                 	.ENDM
                 
                 	.MACRO __GETBRSX
                 	MOVW R30,R28
                 	SUBI R30,LOW(-@1)
                 	SBCI R31,HIGH(-@1)
                 	LD   R@0,Z
                 	.ENDM
                 
                 	.MACRO __GETWRSX
                 	MOVW R30,R28
                 	SUBI R30,LOW(-@2)
                 	SBCI R31,HIGH(-@2)
                 	LD   R@0,Z+
                 	LD   R@1,Z
                 	.ENDM
                 
                 	.MACRO __GETBRSX2
                 	MOVW R26,R28
                 	SUBI R26,LOW(-@1)
                 	SBCI R27,HIGH(-@1)
                 	LD   R@0,X
                 	.ENDM
                 
                 	.MACRO __GETWRSX2
                 	MOVW R26,R28
                 	SUBI R26,LOW(-@2)
                 	SBCI R27,HIGH(-@2)
                 	LD   R@0,X+
                 	LD   R@1,X
                 	.ENDM
                 
                 	.MACRO __LSLW8SX
                 	MOVW R30,R28
                 	SUBI R30,LOW(-@0)
                 	SBCI R31,HIGH(-@0)
                 	LD   R31,Z
                 	CLR  R30
                 	.ENDM
                 
                 	.MACRO __PUTB1SX
                 	MOVW R26,R28
                 	SUBI R26,LOW(-@0)
                 	SBCI R27,HIGH(-@0)
                 	ST   X,R30
                 	.ENDM
                 
                 	.MACRO __PUTW1SX
                 	MOVW R26,R28
                 	SUBI R26,LOW(-@0)
                 	SBCI R27,HIGH(-@0)
                 	ST   X+,R30
                 	ST   X,R31
                 	.ENDM
                 
                 	.MACRO __PUTD1SX
                 	MOVW R26,R28
                 	SUBI R26,LOW(-@0)
                 	SBCI R27,HIGH(-@0)
                 	ST   X+,R30
                 	ST   X+,R31
                 	ST   X+,R22
                 	ST   X,R23
                 	.ENDM
                 
                 	.MACRO __CLRW1SX
                 	MOVW R26,R28
                 	SUBI R26,LOW(-@0)
                 	SBCI R27,HIGH(-@0)
                 	ST   X+,R30
                 	ST   X,R30
                 	.ENDM
                 
                 	.MACRO __CLRD1SX
                 	MOVW R26,R28
                 	SUBI R26,LOW(-@0)
                 	SBCI R27,HIGH(-@0)
                 	ST   X+,R30
                 	ST   X+,R30
                 	ST   X+,R30
                 	ST   X,R30
                 	.ENDM
                 
                 	.MACRO __PUTB2SX
                 	MOVW R30,R28
                 	SUBI R30,LOW(-@0)
                 	SBCI R31,HIGH(-@0)
                 	ST   Z,R26
                 	.ENDM
                 
                 	.MACRO __PUTW2SX
                 	MOVW R30,R28
                 	SUBI R30,LOW(-@0)
                 	SBCI R31,HIGH(-@0)
                 	ST   Z+,R26
                 	ST   Z,R27
                 	.ENDM
                 
                 	.MACRO __PUTD2SX
                 	MOVW R30,R28
                 	SUBI R30,LOW(-@0)
                 	SBCI R31,HIGH(-@0)
                 	ST   Z+,R26
                 	ST   Z+,R27
                 	ST   Z+,R24
                 	ST   Z,R25
                 	.ENDM
                 
                 	.MACRO __PUTBSRX
                 	MOVW R30,R28
                 	SUBI R30,LOW(-@1)
                 	SBCI R31,HIGH(-@1)
                 	ST   Z,R@0
                 	.ENDM
                 
                 	.MACRO __PUTWSRX
                 	MOVW R30,R28
                 	SUBI R30,LOW(-@2)
                 	SBCI R31,HIGH(-@2)
                 	ST   Z+,R@0
                 	ST   Z,R@1
                 	.ENDM
                 
                 	.MACRO __PUTB1SNX
                 	MOVW R26,R28
                 	SUBI R26,LOW(-@0)
                 	SBCI R27,HIGH(-@0)
                 	LD   R0,X+
                 	LD   R27,X
                 	MOV  R26,R0
                 	SUBI R26,LOW(-@1)
                 	SBCI R27,HIGH(-@1)
                 	ST   X,R30
                 	.ENDM
                 
                 	.MACRO __PUTW1SNX
                 	MOVW R26,R28
                 	SUBI R26,LOW(-@0)
                 	SBCI R27,HIGH(-@0)
                 	LD   R0,X+
                 	LD   R27,X
                 	MOV  R26,R0
                 	SUBI R26,LOW(-@1)
                 	SBCI R27,HIGH(-@1)
                 	ST   X+,R30
                 	ST   X,R31
                 	.ENDM
                 
                 	.MACRO __PUTD1SNX
                 	MOVW R26,R28
                 	SUBI R26,LOW(-@0)
                 	SBCI R27,HIGH(-@0)
                 	LD   R0,X+
                 	LD   R27,X
                 	MOV  R26,R0
                 	SUBI R26,LOW(-@1)
                 	SBCI R27,HIGH(-@1)
                 	ST   X+,R30
                 	ST   X+,R31
                 	ST   X+,R22
                 	ST   X,R23
                 	.ENDM
                 
                 	.MACRO __MULBRR
                 	MULS R@0,R@1
                 	MOVW R30,R0
                 	.ENDM
                 
                 	.MACRO __MULBRRU
                 	MUL  R@0,R@1
                 	MOVW R30,R0
                 	.ENDM
                 
                 	.MACRO __MULBRR0
                 	MULS R@0,R@1
                 	.ENDM
                 
                 	.MACRO __MULBRRU0
                 	MUL  R@0,R@1
                 	.ENDM
                 
                 	.MACRO __MULBNWRU
                 	LDI  R26,@2
                 	MUL  R26,R@0
                 	MOVW R30,R0
                 	MUL  R26,R@1
                 	ADD  R31,R0
                 	.ENDM
                 
                 ;NAME DEFINITIONS FOR GLOBAL VARIABLES ALLOCATED TO REGISTERS
                 	.DEF _simple_temp_milestone=R4
                 	.DEF _simple_temp_milestone_msb=R5
                 	.DEF _causion_temp_milestone=R6
                 	.DEF _causion_temp_milestone_msb=R7
                 	.DEF _fire_temp_milstone=R8
                 	.DEF _fire_temp_milstone_msb=R9
                 	.DEF _isWaterOpen=R10
                 	.DEF _isWaterOpen_msb=R11
                 	.DEF _onFire=R12
                 	.DEF _onFire_msb=R13
                 
                 	.CSEG
                 	.ORG 0x00
                 
                 ;START OF CODE MARKER
                 __START_OF_CODE:
                 
                 ;INTERRUPT VECTORS
000000 940c 003f 	JMP  __RESET
000002 940c 0000 	JMP  0x00
000004 940c 0000 	JMP  0x00
000006 940c 0000 	JMP  0x00
000008 940c 0000 	JMP  0x00
00000a 940c 0000 	JMP  0x00
00000c 940c 0000 	JMP  0x00
00000e 940c 0000 	JMP  0x00
000010 940c 0000 	JMP  0x00
000012 940c 0000 	JMP  0x00
000014 940c 0000 	JMP  0x00
000016 940c 0000 	JMP  0x00
000018 940c 0000 	JMP  0x00
00001a 940c 0000 	JMP  0x00
00001c 940c 0000 	JMP  0x00
00001e 940c 0000 	JMP  0x00
000020 940c 0000 	JMP  0x00
000022 940c 0000 	JMP  0x00
000024 940c 0000 	JMP  0x00
000026 940c 0000 	JMP  0x00
000028 940c 0000 	JMP  0x00
                 
                 ;GLOBAL REGISTER VARIABLES INITIALIZATION
                 __REG_VARS:
00002a 001e
00002b 0028      	.DB  0x1E,0x0,0x28,0x0
00002c 0032
00002d 0000      	.DB  0x32,0x0,0x0,0x0
00002e 0000      	.DB  0x0,0x0
                 
                 _0x6:
00002f 06a4      	.DB  0xA4,0x6
                 _0x7:
000030 0352      	.DB  0x52,0x3
                 _0x8:
000031 01f4      	.DB  0xF4,0x1
                 
                 __GLOBAL_INI_TBL:
000032 000a      	.DW  0x0A
000033 0004      	.DW  0x04
000034 0054      	.DW  __REG_VARS*2
                 
000035 0002      	.DW  0x02
000036 0160      	.DW  _simple_alert_delay
000037 005e      	.DW  _0x6*2
                 
000038 0002      	.DW  0x02
000039 0164      	.DW  _causion_alert_delay
00003a 0060      	.DW  _0x7*2
                 
00003b 0002      	.DW  0x02
00003c 0168      	.DW  _fire_detected_delay
00003d 0062      	.DW  _0x8*2
                 
                 _0xFFFFFFFF:
00003e 0000      	.DW  0
                 
                 #define __GLOBAL_INI_TBL_PRESENT 1
                 
                 __RESET:
00003f 94f8      	CLI
000040 27ee      	CLR  R30
000041 bbec      	OUT  EECR,R30
                 
                 ;INTERRUPT VECTORS ARE PLACED
                 ;AT THE START OF FLASH
000042 e0f1      	LDI  R31,1
000043 bffb      	OUT  GICR,R31
000044 bfeb      	OUT  GICR,R30
000045 bfe5      	OUT  MCUCR,R30
                 
                 ;CLEAR R2-R14
000046 e08d      	LDI  R24,(14-2)+1
000047 e0a2      	LDI  R26,2
000048 27bb      	CLR  R27
                 __CLEAR_REG:
000049 93ed      	ST   X+,R30
00004a 958a      	DEC  R24
00004b f7e9      	BRNE __CLEAR_REG
                 
                 ;CLEAR SRAM
00004c e080      	LDI  R24,LOW(__CLEAR_SRAM_SIZE)
00004d e094      	LDI  R25,HIGH(__CLEAR_SRAM_SIZE)
00004e e6a0      	LDI  R26,__SRAM_START
                 __CLEAR_SRAM:
00004f 93ed      	ST   X+,R30
000050 9701      	SBIW R24,1
000051 f7e9      	BRNE __CLEAR_SRAM
                 
                 ;GLOBAL VARIABLES INITIALIZATION
000052 e6e4      	LDI  R30,LOW(__GLOBAL_INI_TBL*2)
000053 e0f0      	LDI  R31,HIGH(__GLOBAL_INI_TBL*2)
                 __GLOBAL_INI_NEXT:
000054 9185      	LPM  R24,Z+
000055 9195      	LPM  R25,Z+
000056 9700      	SBIW R24,0
000057 f061      	BREQ __GLOBAL_INI_END
000058 91a5      	LPM  R26,Z+
000059 91b5      	LPM  R27,Z+
00005a 9005      	LPM  R0,Z+
00005b 9015      	LPM  R1,Z+
00005c 01bf      	MOVW R22,R30
00005d 01f0      	MOVW R30,R0
                 __GLOBAL_INI_LOOP:
00005e 9005      	LPM  R0,Z+
00005f 920d      	ST   X+,R0
000060 9701      	SBIW R24,1
000061 f7e1      	BRNE __GLOBAL_INI_LOOP
000062 01fb      	MOVW R30,R22
000063 cff0      	RJMP __GLOBAL_INI_NEXT
                 __GLOBAL_INI_END:
                 
                 ;HARDWARE STACK POINTER INITIALIZATION
000064 e5ef      	LDI  R30,LOW(__SRAM_END-__HEAP_SIZE)
000065 bfed      	OUT  SPL,R30
000066 e0e4      	LDI  R30,HIGH(__SRAM_END-__HEAP_SIZE)
000067 bfee      	OUT  SPH,R30
                 
                 ;DATA STACK POINTER INITIALIZATION
000068 e6c0      	LDI  R28,LOW(__SRAM_START+__DSTACK_SIZE)
000069 e0d1      	LDI  R29,HIGH(__SRAM_START+__DSTACK_SIZE)
                 
00006a 940c 0129 	JMP  _main
                 
                 	.ESEG
                 	.ORG 0
                 
                 	.DSEG
                 	.ORG 0x160
                 
                 	.CSEG
                 ;/*******************************************************
                 ;This program was created by the
                 ;CodeWizardAVR V3.12 Advanced
                 ;Automatic Program Generator
                 ;© Copyright 1998-2014 Pavel Haiduc, HP InfoTech s.r.l.
                 ;http://www.hpinfotech.com
                 ;
                 ;Project :
                 ;Version :
                 ;Date    : 6/11/2021
                 ;Author  :
                 ;Company :
                 ;Comments:
                 ;
                 ;
                 ;Chip type               : ATmega16
                 ;Program type            : Application
                 ;AVR Core Clock frequency: 1.000000 MHz
                 ;Memory model            : Small
                 ;External RAM size       : 0
                 ;Data Stack size         : 256
                 ;*******************************************************/
                 ;
                 ;#include <mega16.h>
                 	#ifndef __SLEEP_DEFINED__
                 	#define __SLEEP_DEFINED__
                 	.EQU __se_bit=0x40
                 	.EQU __sm_mask=0xB0
                 	.EQU __sm_powerdown=0x20
                 	.EQU __sm_powersave=0x30
                 	.EQU __sm_standby=0xA0
                 	.EQU __sm_ext_standby=0xB0
                 	.EQU __sm_adc_noise_red=0x10
                 	.SET power_ctrl_reg=mcucr
                 	#endif
                 ;
                 ;#include <delay.h>
                 ;#include "FireExtinguisher.h"
                 
                 	.CSEG
                 _read_adc:
                 ; .FSTART _read_adc
00006c 93aa      	ST   -Y,R26
                 ;	adc_input -> Y+0
00006d 81e8      	LD   R30,Y
00006e b9e7      	OUT  0x7,R30
                +
00006f e083     +LDI R24 , LOW ( 3 )
                +__DELAY_USB_LOOP :
000070 958a     +DEC R24
000071 f7f1     +BRNE __DELAY_USB_LOOP
                 	__DELAY_USB 3
000072 9a36      	SBI  0x6,6
                 _0x3:
000073 9b34      	SBIS 0x6,4
000074 cffe      	RJMP _0x3
000075 9a34      	SBI  0x6,4
000076 b1e4      	IN   R30,0x4
000077 b1f5      	IN   R31,0x4+1
000078 9621      	ADIW R28,1
000079 9508      	RET
                 ; .FEND
                 
                 	.DSEG
                 
                 	.CSEG
                 _alert:
                 ; .FSTART _alert
00007a 9b91      	SBIS 0x12,1
00007b c002      	RJMP _0x9
00007c 9891      	CBI  0x12,1
00007d c001      	RJMP _0xA
                 _0x9:
00007e 9a91      	SBI  0x12,1
                 _0xA:
00007f 91a0 0160 	LDS  R26,_simple_alert_delay
000081 91b0 0161 	LDS  R27,_simple_alert_delay+1
000083 c018      	RJMP _0x2000002
                 ; .FEND
                 _causion:
                 ; .FSTART _causion
000084 9b91      	SBIS 0x12,1
000085 c002      	RJMP _0xB
000086 9891      	CBI  0x12,1
000087 c001      	RJMP _0xC
                 _0xB:
000088 9a91      	SBI  0x12,1
                 _0xC:
000089 91a0 0164 	LDS  R26,_causion_alert_delay
00008b 91b0 0165 	LDS  R27,_causion_alert_delay+1
00008d c00e      	RJMP _0x2000002
                 ; .FEND
                 _alarm_fire:
                 ; .FSTART _alarm_fire
00008e 9b90      	SBIS 0x12,0
00008f c002      	RJMP _0xD
000090 9890      	CBI  0x12,0
000091 c001      	RJMP _0xE
                 _0xD:
000092 9a90      	SBI  0x12,0
                 _0xE:
000093 9b91      	SBIS 0x12,1
000094 c002      	RJMP _0xF
000095 9891      	CBI  0x12,1
000096 c001      	RJMP _0x10
                 _0xF:
000097 9a91      	SBI  0x12,1
                 _0x10:
000098 91a0 0168 	LDS  R26,_fire_detected_delay
00009a 91b0 0169 	LDS  R27,_fire_detected_delay+1
                 _0x2000002:
00009c 940e 0174 	CALL _delay_ms
00009e 9508      	RET
                 ; .FEND
                 _off:
                 ; .FSTART _off
00009f 9890      	CBI  0x12,0
0000a0 9891      	CBI  0x12,1
0000a1 9508      	RET
                 ; .FEND
                 _start:
                 ; .FSTART _start
0000a2 d066      	RCALL _closeWaterValve
0000a3 98d1      	CBI  0x1A,1
0000a4 9ad9      	SBI  0x1B,1
0000a5 9a88      	SBI  0x11,0
0000a6 9a88      	SBI  0x11,0
0000a7 9ad0      	SBI  0x1A,0
                 _0x1F:
0000a8 9722      	SBIW R28,2
                 ;	temp -> Y+0
0000a9 d069      	RCALL _readTemprature
0000aa 83e8      	ST   Y,R30
0000ab 83f9      	STD  Y+1,R31
0000ac 9bc9      	SBIS 0x19,1
0000ad c025      	RJMP _0x22
0000ae d0aa      	RCALL SUBOPT_0x0
0000af d027      	RCALL _isFire
0000b0 9730      	SBIW R30,0
0000b1 f031      	BREQ _0x23
0000b2 e0e1      	LDI  R30,LOW(1)
0000b3 e0f0      	LDI  R31,HIGH(1)
0000b4 016f      	MOVW R12,R30
0000b5 d04a      	RCALL _openWaterValve
0000b6 dfd7      	RCALL _alarm_fire
0000b7 c01a      	RJMP _0x24
                 _0x23:
0000b8 d0a0      	RCALL SUBOPT_0x0
0000b9 d023      	RCALL _isCaution
0000ba 9730      	SBIW R30,0
0000bb f049      	BREQ _0x25
0000bc 2c0c      	MOV  R0,R12
0000bd 280d      	OR   R0,R13
0000be f019      	BREQ _0x26
0000bf dfce      	RCALL _alarm_fire
0000c0 d03f      	RCALL _openWaterValve
0000c1 c002      	RJMP _0x27
                 _0x26:
0000c2 d046      	RCALL _closeWaterValve
0000c3 dfc0      	RCALL _causion
                 _0x27:
0000c4 c00d      	RJMP _0x28
                 _0x25:
0000c5 d093      	RCALL SUBOPT_0x0
0000c6 d023      	RCALL _isSimple
0000c7 9730      	SBIW R30,0
0000c8 f029      	BREQ _0x29
0000c9 24cc      	CLR  R12
0000ca 24dd      	CLR  R13
0000cb d03d      	RCALL _closeWaterValve
0000cc dfad      	RCALL _alert
0000cd c004      	RJMP _0x2A
                 _0x29:
0000ce 24cc      	CLR  R12
0000cf 24dd      	CLR  R13
0000d0 dfce      	RCALL _off
0000d1 d037      	RCALL _closeWaterValve
                 _0x2A:
                 _0x28:
                 _0x24:
0000d2 c002      	RJMP _0x2B
                 _0x22:
0000d3 dfcb      	RCALL _off
0000d4 d034      	RCALL _closeWaterValve
                 _0x2B:
0000d5 9622      	ADIW R28,2
0000d6 cfd1      	RJMP _0x1F
                 ; .FEND
                 _isFire:
                 ; .FSTART _isFire
0000d7 940e 0299 	CALL __PUTPARD2
                 ;	temp -> Y+0
0000d9 d088      	RCALL SUBOPT_0x1
0000da 940e 0277 	CALL __GEF12
0000dc c020      	RJMP _0x2000001
                 ; .FEND
                 _isCaution:
                 ; .FSTART _isCaution
0000dd 940e 0299 	CALL __PUTPARD2
                 ;	temp -> Y+0
0000df 01d3      	MOVW R26,R6
0000e0 d089      	RCALL SUBOPT_0x2
0000e1 f430      	BRSH _0x2C
0000e2 d07f      	RCALL SUBOPT_0x1
0000e3 940e 0257 	CALL __CMPF12
0000e5 f410      	BRSH _0x2C
0000e6 e0e1      	LDI  R30,1
0000e7 c001      	RJMP _0x2D
                 _0x2C:
0000e8 e0e0      	LDI  R30,0
                 _0x2D:
0000e9 c013      	RJMP _0x2000001
                 ; .FEND
                 _isSimple:
                 ; .FSTART _isSimple
0000ea 940e 0299 	CALL __PUTPARD2
                 ;	temp -> Y+0
0000ec 01d2      	MOVW R26,R4
0000ed d07c      	RCALL SUBOPT_0x2
0000ee f468      	BRSH _0x2E
0000ef 01f3      	MOVW R30,R6
0000f0 9732      	SBIW R30,2
0000f1 940e 0294 	CALL __GETD2S0
0000f3 940e 0285 	CALL __CWD1
0000f5 940e 01e4 	CALL __CDF1
0000f7 940e 0257 	CALL __CMPF12
0000f9 f410      	BRSH _0x2E
0000fa e0e1      	LDI  R30,1
0000fb c001      	RJMP _0x2F
                 _0x2E:
0000fc e0e0      	LDI  R30,0
                 _0x2F:
                 _0x2000001:
0000fd e0f0      	LDI  R31,0
0000fe 9624      	ADIW R28,4
0000ff 9508      	RET
                 ; .FEND
                 _openWaterValve:
                 ; .FSTART _openWaterValve
000100 2c0a      	MOV  R0,R10
000101 280b      	OR   R0,R11
000102 f429      	BRNE _0x30
000103 e0ec      	LDI  R30,LOW(12)
000104 bbe5      	OUT  0x15,R30
000105 e0e1      	LDI  R30,LOW(1)
000106 e0f0      	LDI  R31,HIGH(1)
000107 015f      	MOVW R10,R30
                 _0x30:
000108 9508      	RET
                 ; .FEND
                 _closeWaterValve:
                 ; .FSTART _closeWaterValve
000109 e0e1      	LDI  R30,LOW(1)
00010a e0f0      	LDI  R31,HIGH(1)
00010b 15ea      	CP   R30,R10
00010c 05fb      	CPC  R31,R11
00010d f421      	BRNE _0x31
00010e e0ea      	LDI  R30,LOW(10)
00010f bbe5      	OUT  0x15,R30
000110 24aa      	CLR  R10
000111 24bb      	CLR  R11
                 _0x31:
000112 9508      	RET
                 ; .FEND
                 _readTemprature:
                 ; .FSTART _readTemprature
000113 931a      	ST   -Y,R17
000114 930a      	ST   -Y,R16
                 ;	temp -> R16,R17
000115 e0a0      	LDI  R26,LOW(0)
000116 df55      	RCALL _read_adc
000117 018f      	MOVW R16,R30
000118 940e 0285 	CALL __CWD1
00011a 940e 01e4 	CALL __CDF1
00011c 01df      	MOVW R26,R30
00011d 01cb      	MOVW R24,R22
                +
00011e ebec     +LDI R30 , LOW ( 0x400374BC )
00011f e7f4     +LDI R31 , HIGH ( 0x400374BC )
000120 e063     +LDI R22 , BYTE3 ( 0x400374BC )
000121 e470     +LDI R23 , BYTE4 ( 0x400374BC )
                 	__GETD1N 0x400374BC
000122 940e 0212 	CALL __DIVF21
000124 940e 01ad 	CALL __CFD1
000126 9109      	LD   R16,Y+
000127 9119      	LD   R17,Y+
000128 9508      	RET
                 ; .FEND
                 ;// Declare your global variables here
                 ;
                 ;// Voltage Reference: AREF pin
                 ;#define ADC_VREF_TYPE ((0<<REFS1) | (0<<REFS0) | (0<<ADLAR))
                 ;
                 ;
                 ;void main(void)
                 ; 0000 0023 {
                 _main:
                 ; .FSTART _main
                 ; 0000 0024 // Declare your local variables here
                 ; 0000 0025 
                 ; 0000 0026 // Input/Output Ports initialization
                 ; 0000 0027 // Port A initialization
                 ; 0000 0028 // Function: Bit7=In Bit6=In Bit5=In Bit4=In Bit3=In Bit2=In Bit1=In Bit0=In
                 ; 0000 0029 DDRA=(0<<DDA7) | (0<<DDA6) | (0<<DDA5) | (0<<DDA4) | (0<<DDA3) | (0<<DDA2) | (0<<DDA1) | (0<<DDA0);
000129 e0e0      	LDI  R30,LOW(0)
00012a bbea      	OUT  0x1A,R30
                 ; 0000 002A // State: Bit7=T Bit6=T Bit5=T Bit4=T Bit3=T Bit2=T Bit1=P Bit0=T
                 ; 0000 002B PORTA=(0<<PORTA7) | (0<<PORTA6) | (0<<PORTA5) | (0<<PORTA4) | (0<<PORTA3) | (0<<PORTA2) | (1<<PORTA1) | (0<<PORTA0);
00012b e0e2      	LDI  R30,LOW(2)
00012c bbeb      	OUT  0x1B,R30
                 ; 0000 002C 
                 ; 0000 002D // Port B initialization
                 ; 0000 002E // Function: Bit7=In Bit6=In Bit5=In Bit4=In Bit3=In Bit2=In Bit1=In Bit0=In
                 ; 0000 002F DDRB=(0<<DDB7) | (0<<DDB6) | (0<<DDB5) | (0<<DDB4) | (0<<DDB3) | (0<<DDB2) | (0<<DDB1) | (0<<DDB0);
00012d e0e0      	LDI  R30,LOW(0)
00012e bbe7      	OUT  0x17,R30
                 ; 0000 0030 // State: Bit7=T Bit6=T Bit5=T Bit4=T Bit3=T Bit2=T Bit1=T Bit0=T
                 ; 0000 0031 PORTB=(0<<PORTB7) | (0<<PORTB6) | (0<<PORTB5) | (0<<PORTB4) | (0<<PORTB3) | (0<<PORTB2) | (0<<PORTB1) | (0<<PORTB0);
00012f bbe8      	OUT  0x18,R30
                 ; 0000 0032 
                 ; 0000 0033 // Port C initialization
                 ; 0000 0034 // Function: Bit7=In Bit6=In Bit5=In Bit4=In Bit3=Out Bit2=Out Bit1=Out Bit0=Out
                 ; 0000 0035 DDRC=(0<<DDC7) | (0<<DDC6) | (0<<DDC5) | (0<<DDC4) | (1<<DDC3) | (1<<DDC2) | (1<<DDC1) | (1<<DDC0);
000130 e0ef      	LDI  R30,LOW(15)
000131 bbe4      	OUT  0x14,R30
                 ; 0000 0036 // State: Bit7=T Bit6=T Bit5=T Bit4=T Bit3=0 Bit2=0 Bit1=0 Bit0=0
                 ; 0000 0037 PORTC=(0<<PORTC7) | (0<<PORTC6) | (0<<PORTC5) | (0<<PORTC4) | (0<<PORTC3) | (0<<PORTC2) | (0<<PORTC1) | (0<<PORTC0);
000132 e0e0      	LDI  R30,LOW(0)
000133 bbe5      	OUT  0x15,R30
                 ; 0000 0038 
                 ; 0000 0039 // Port D initialization
                 ; 0000 003A // Function: Bit7=In Bit6=In Bit5=In Bit4=In Bit3=In Bit2=In Bit1=Out Bit0=Out
                 ; 0000 003B DDRD=(0<<DDD7) | (0<<DDD6) | (0<<DDD5) | (0<<DDD4) | (0<<DDD3) | (0<<DDD2) | (1<<DDD1) | (1<<DDD0);
000134 e0e3      	LDI  R30,LOW(3)
000135 bbe1      	OUT  0x11,R30
                 ; 0000 003C // State: Bit7=T Bit6=T Bit5=T Bit4=T Bit3=T Bit2=T Bit1=0 Bit0=0
                 ; 0000 003D PORTD=(0<<PORTD7) | (0<<PORTD6) | (0<<PORTD5) | (0<<PORTD4) | (0<<PORTD3) | (0<<PORTD2) | (0<<PORTD1) | (0<<PORTD0);
000136 e0e0      	LDI  R30,LOW(0)
000137 bbe2      	OUT  0x12,R30
                 ; 0000 003E 
                 ; 0000 003F // Timer/Counter 0 initialization
                 ; 0000 0040 // Clock source: System Clock
                 ; 0000 0041 // Clock value: Timer 0 Stopped
                 ; 0000 0042 // Mode: Normal top=0xFF
                 ; 0000 0043 // OC0 output: Disconnected
                 ; 0000 0044 TCCR0=(0<<WGM00) | (0<<COM01) | (0<<COM00) | (0<<WGM01) | (0<<CS02) | (0<<CS01) | (0<<CS00);
000138 bfe3      	OUT  0x33,R30
                 ; 0000 0045 TCNT0=0x00;
000139 bfe2      	OUT  0x32,R30
                 ; 0000 0046 OCR0=0x00;
00013a bfec      	OUT  0x3C,R30
                 ; 0000 0047 
                 ; 0000 0048 // Timer/Counter 1 initialization
                 ; 0000 0049 // Clock source: System Clock
                 ; 0000 004A // Clock value: Timer1 Stopped
                 ; 0000 004B // Mode: Normal top=0xFFFF
                 ; 0000 004C // OC1A output: Disconnected
                 ; 0000 004D // OC1B output: Disconnected
                 ; 0000 004E // Noise Canceler: Off
                 ; 0000 004F // Input Capture on Falling Edge
                 ; 0000 0050 // Timer1 Overflow Interrupt: Off
                 ; 0000 0051 // Input Capture Interrupt: Off
                 ; 0000 0052 // Compare A Match Interrupt: Off
                 ; 0000 0053 // Compare B Match Interrupt: Off
                 ; 0000 0054 TCCR1A=(0<<COM1A1) | (0<<COM1A0) | (0<<COM1B1) | (0<<COM1B0) | (0<<WGM11) | (0<<WGM10);
00013b bdef      	OUT  0x2F,R30
                 ; 0000 0055 TCCR1B=(0<<ICNC1) | (0<<ICES1) | (0<<WGM13) | (0<<WGM12) | (0<<CS12) | (0<<CS11) | (0<<CS10);
00013c bdee      	OUT  0x2E,R30
                 ; 0000 0056 TCNT1H=0x00;
00013d bded      	OUT  0x2D,R30
                 ; 0000 0057 TCNT1L=0x00;
00013e bdec      	OUT  0x2C,R30
                 ; 0000 0058 ICR1H=0x00;
00013f bde7      	OUT  0x27,R30
                 ; 0000 0059 ICR1L=0x00;
000140 bde6      	OUT  0x26,R30
                 ; 0000 005A OCR1AH=0x00;
000141 bdeb      	OUT  0x2B,R30
                 ; 0000 005B OCR1AL=0x00;
000142 bdea      	OUT  0x2A,R30
                 ; 0000 005C OCR1BH=0x00;
000143 bde9      	OUT  0x29,R30
                 ; 0000 005D OCR1BL=0x00;
000144 bde8      	OUT  0x28,R30
                 ; 0000 005E 
                 ; 0000 005F // Timer/Counter 2 initialization
                 ; 0000 0060 // Clock source: System Clock
                 ; 0000 0061 // Clock value: Timer2 Stopped
                 ; 0000 0062 // Mode: Normal top=0xFF
                 ; 0000 0063 // OC2 output: Disconnected
                 ; 0000 0064 ASSR=0<<AS2;
000145 bde2      	OUT  0x22,R30
                 ; 0000 0065 TCCR2=(0<<PWM2) | (0<<COM21) | (0<<COM20) | (0<<CTC2) | (0<<CS22) | (0<<CS21) | (0<<CS20);
000146 bde5      	OUT  0x25,R30
                 ; 0000 0066 TCNT2=0x00;
000147 bde4      	OUT  0x24,R30
                 ; 0000 0067 OCR2=0x00;
000148 bde3      	OUT  0x23,R30
                 ; 0000 0068 
                 ; 0000 0069 // Timer(s)/Counter(s) Interrupt(s) initialization
                 ; 0000 006A TIMSK=(0<<OCIE2) | (0<<TOIE2) | (0<<TICIE1) | (0<<OCIE1A) | (0<<OCIE1B) | (0<<TOIE1) | (0<<OCIE0) | (0<<TOIE0);
000149 bfe9      	OUT  0x39,R30
                 ; 0000 006B 
                 ; 0000 006C // External Interrupt(s) initialization
                 ; 0000 006D // INT0: Off
                 ; 0000 006E // INT1: Off
                 ; 0000 006F // INT2: Off
                 ; 0000 0070 MCUCR=(0<<ISC11) | (0<<ISC10) | (0<<ISC01) | (0<<ISC00);
00014a bfe5      	OUT  0x35,R30
                 ; 0000 0071 MCUCSR=(0<<ISC2);
00014b bfe4      	OUT  0x34,R30
                 ; 0000 0072 
                 ; 0000 0073 // USART initialization
                 ; 0000 0074 // USART disabled
                 ; 0000 0075 UCSRB=(0<<RXCIE) | (0<<TXCIE) | (0<<UDRIE) | (0<<RXEN) | (0<<TXEN) | (0<<UCSZ2) | (0<<RXB8) | (0<<TXB8);
00014c b9ea      	OUT  0xA,R30
                 ; 0000 0076 
                 ; 0000 0077 // Analog Comparator initialization
                 ; 0000 0078 // Analog Comparator: Off
                 ; 0000 0079 // The Analog Comparator's positive input is
                 ; 0000 007A // connected to the AIN0 pin
                 ; 0000 007B // The Analog Comparator's negative input is
                 ; 0000 007C // connected to the AIN1 pin
                 ; 0000 007D ACSR=(1<<ACD) | (0<<ACBG) | (0<<ACO) | (0<<ACI) | (0<<ACIE) | (0<<ACIC) | (0<<ACIS1) | (0<<ACIS0);
00014d e8e0      	LDI  R30,LOW(128)
00014e b9e8      	OUT  0x8,R30
                 ; 0000 007E 
                 ; 0000 007F // ADC initialization
                 ; 0000 0080 // ADC Clock frequency: 500.000 kHz
                 ; 0000 0081 // ADC Voltage Reference: AREF pin
                 ; 0000 0082 // ADC Auto Trigger Source: ADC Stopped
                 ; 0000 0083 ADMUX=ADC_VREF_TYPE;
00014f e0e0      	LDI  R30,LOW(0)
000150 b9e7      	OUT  0x7,R30
                 ; 0000 0084 ADCSRA=(1<<ADEN) | (0<<ADSC) | (0<<ADATE) | (0<<ADIF) | (0<<ADIE) | (0<<ADPS2) | (0<<ADPS1) | (1<<ADPS0);
000151 e8e1      	LDI  R30,LOW(129)
000152 b9e6      	OUT  0x6,R30
                 ; 0000 0085 SFIOR=(0<<ADTS2) | (0<<ADTS1) | (0<<ADTS0);
000153 e0e0      	LDI  R30,LOW(0)
000154 bfe0      	OUT  0x30,R30
                 ; 0000 0086 
                 ; 0000 0087 // SPI initialization
                 ; 0000 0088 // SPI disabled
                 ; 0000 0089 SPCR=(0<<SPIE) | (0<<SPE) | (0<<DORD) | (0<<MSTR) | (0<<CPOL) | (0<<CPHA) | (0<<SPR1) | (0<<SPR0);
000155 b9ed      	OUT  0xD,R30
                 ; 0000 008A 
                 ; 0000 008B // TWI initialization
                 ; 0000 008C // TWI disabled
                 ; 0000 008D TWCR=(0<<TWEA) | (0<<TWSTA) | (0<<TWSTO) | (0<<TWEN) | (0<<TWIE);
000156 bfe6      	OUT  0x36,R30
                 ; 0000 008E     start();
000157 df4a      	RCALL _start
                 ; 0000 008F }
                 _0x32:
000158 cfff      	RJMP _0x32
                 ; .FEND
                 
                 	.DSEG
                 _simple_alert_delay:
000160           	.BYTE 0x4
                 _causion_alert_delay:
000164           	.BYTE 0x4
                 _fire_detected_delay:
000168           	.BYTE 0x4
                 
                 	.CSEG
                 ;OPTIMIZER ADDED SUBROUTINE, CALLED 3 TIMES, CODE SIZE REDUCTION:9 WORDS
                 SUBOPT_0x0:
000159 81e8      	LD   R30,Y
00015a 81f9      	LDD  R31,Y+1
00015b 940e 0285 	CALL __CWD1
00015d 940e 01e4 	CALL __CDF1
00015f 01df      	MOVW R26,R30
000160 01cb      	MOVW R24,R22
000161 9508      	RET
                 
                 ;OPTIMIZER ADDED SUBROUTINE, CALLED 2 TIMES, CODE SIZE REDUCTION:4 WORDS
                 SUBOPT_0x1:
000162 01f4      	MOVW R30,R8
000163 940e 0294 	CALL __GETD2S0
000165 940e 0285 	CALL __CWD1
000167 940e 01e4 	CALL __CDF1
000169 9508      	RET
                 
                 ;OPTIMIZER ADDED SUBROUTINE, CALLED 2 TIMES, CODE SIZE REDUCTION:6 WORDS
                 SUBOPT_0x2:
00016a 9712      	SBIW R26,2
00016b 940e 028f 	CALL __GETD1S0
00016d 940e 028a 	CALL __CWD2
00016f 940e 02a0 	CALL __CDF2
000171 940e 0257 	CALL __CMPF12
000173 9508      	RET
                 
                 
                 	.CSEG
                 _delay_ms:
000174 9610      	adiw r26,0
000175 f039      	breq __delay_ms1
                 __delay_ms0:
                +
000176 ef8a     +LDI R24 , LOW ( 0xFA )
000177 e090     +LDI R25 , HIGH ( 0xFA )
                +__DELAY_USW_LOOP :
000178 9701     +SBIW R24 , 1
000179 f7f1     +BRNE __DELAY_USW_LOOP
                 	__DELAY_USW 0xFA
00017a 95a8      	wdr
00017b 9711      	sbiw r26,1
00017c f7c9      	brne __delay_ms0
                 __delay_ms1:
00017d 9508      	ret
                 
                 __ROUND_REPACK:
00017e 2355      	TST  R21
00017f f442      	BRPL __REPACK
000180 3850      	CPI  R21,0x80
000181 f411      	BRNE __ROUND_REPACK0
000182 ffe0      	SBRS R30,0
000183 c004      	RJMP __REPACK
                 __ROUND_REPACK0:
000184 9631      	ADIW R30,1
000185 1f69      	ADC  R22,R25
000186 1f79      	ADC  R23,R25
000187 f06b      	BRVS __REPACK1
                 
                 __REPACK:
000188 e850      	LDI  R21,0x80
000189 2757      	EOR  R21,R23
00018a f411      	BRNE __REPACK0
00018b 935f      	PUSH R21
00018c c073      	RJMP __ZERORES
                 __REPACK0:
00018d 3f5f      	CPI  R21,0xFF
00018e f031      	BREQ __REPACK1
00018f 0f66      	LSL  R22
000190 0c00      	LSL  R0
000191 9557      	ROR  R21
000192 9567      	ROR  R22
000193 2f75      	MOV  R23,R21
000194 9508      	RET
                 __REPACK1:
000195 935f      	PUSH R21
000196 2000      	TST  R0
000197 f00a      	BRMI __REPACK2
000198 c073      	RJMP __MAXRES
                 __REPACK2:
000199 c06c      	RJMP __MINRES
                 
                 __UNPACK:
00019a e850      	LDI  R21,0x80
00019b 2e19      	MOV  R1,R25
00019c 2215      	AND  R1,R21
00019d 0f88      	LSL  R24
00019e 1f99      	ROL  R25
00019f 2795      	EOR  R25,R21
0001a0 0f55      	LSL  R21
0001a1 9587      	ROR  R24
                 
                 __UNPACK1:
0001a2 e850      	LDI  R21,0x80
0001a3 2e07      	MOV  R0,R23
0001a4 2205      	AND  R0,R21
0001a5 0f66      	LSL  R22
0001a6 1f77      	ROL  R23
0001a7 2775      	EOR  R23,R21
0001a8 0f55      	LSL  R21
0001a9 9567      	ROR  R22
0001aa 9508      	RET
                 
                 __CFD1U:
0001ab 9468      	SET
0001ac c001      	RJMP __CFD1U0
                 __CFD1:
0001ad 94e8      	CLT
                 __CFD1U0:
0001ae 935f      	PUSH R21
0001af dff2      	RCALL __UNPACK1
0001b0 3870      	CPI  R23,0x80
0001b1 f018      	BRLO __CFD10
0001b2 3f7f      	CPI  R23,0xFF
0001b3 f408      	BRCC __CFD10
0001b4 c04b      	RJMP __ZERORES
                 __CFD10:
0001b5 e156      	LDI  R21,22
0001b6 1b57      	SUB  R21,R23
0001b7 f4aa      	BRPL __CFD11
0001b8 9551      	NEG  R21
0001b9 3058      	CPI  R21,8
0001ba f40e      	BRTC __CFD19
0001bb 3059      	CPI  R21,9
                 __CFD19:
0001bc f030      	BRLO __CFD17
0001bd efef      	SER  R30
0001be efff      	SER  R31
0001bf ef6f      	SER  R22
0001c0 e77f      	LDI  R23,0x7F
0001c1 f977      	BLD  R23,7
0001c2 c01a      	RJMP __CFD15
                 __CFD17:
0001c3 2777      	CLR  R23
0001c4 2355      	TST  R21
0001c5 f0b9      	BREQ __CFD15
                 __CFD18:
0001c6 0fee      	LSL  R30
0001c7 1fff      	ROL  R31
0001c8 1f66      	ROL  R22
0001c9 1f77      	ROL  R23
0001ca 955a      	DEC  R21
0001cb f7d1      	BRNE __CFD18
0001cc c010      	RJMP __CFD15
                 __CFD11:
0001cd 2777      	CLR  R23
                 __CFD12:
0001ce 3058      	CPI  R21,8
0001cf f028      	BRLO __CFD13
0001d0 2fef      	MOV  R30,R31
0001d1 2ff6      	MOV  R31,R22
0001d2 2f67      	MOV  R22,R23
0001d3 5058      	SUBI R21,8
0001d4 cff9      	RJMP __CFD12
                 __CFD13:
0001d5 2355      	TST  R21
0001d6 f031      	BREQ __CFD15
                 __CFD14:
0001d7 9576      	LSR  R23
0001d8 9567      	ROR  R22
0001d9 95f7      	ROR  R31
0001da 95e7      	ROR  R30
0001db 955a      	DEC  R21
0001dc f7d1      	BRNE __CFD14
                 __CFD15:
0001dd 2000      	TST  R0
0001de f40a      	BRPL __CFD16
0001df d09d      	RCALL __ANEGD1
                 __CFD16:
0001e0 915f      	POP  R21
0001e1 9508      	RET
                 
                 __CDF1U:
0001e2 9468      	SET
0001e3 c001      	RJMP __CDF1U0
                 __CDF1:
0001e4 94e8      	CLT
                 __CDF1U0:
0001e5 9730      	SBIW R30,0
0001e6 4060      	SBCI R22,0
0001e7 4070      	SBCI R23,0
0001e8 f0b1      	BREQ __CDF10
0001e9 2400      	CLR  R0
0001ea f026      	BRTS __CDF11
0001eb 2377      	TST  R23
0001ec f412      	BRPL __CDF11
0001ed 9400      	COM  R0
0001ee d08e      	RCALL __ANEGD1
                 __CDF11:
0001ef 2e17      	MOV  R1,R23
0001f0 e17e      	LDI  R23,30
0001f1 2011      	TST  R1
                 __CDF12:
0001f2 f032      	BRMI __CDF13
0001f3 957a      	DEC  R23
0001f4 0fee      	LSL  R30
0001f5 1fff      	ROL  R31
0001f6 1f66      	ROL  R22
0001f7 1c11      	ROL  R1
0001f8 cff9      	RJMP __CDF12
                 __CDF13:
0001f9 2fef      	MOV  R30,R31
0001fa 2ff6      	MOV  R31,R22
0001fb 2d61      	MOV  R22,R1
0001fc 935f      	PUSH R21
0001fd df8a      	RCALL __REPACK
0001fe 915f      	POP  R21
                 __CDF10:
0001ff 9508      	RET
                 
                 __ZERORES:
000200 27ee      	CLR  R30
000201 27ff      	CLR  R31
000202 2766      	CLR  R22
000203 2777      	CLR  R23
000204 915f      	POP  R21
000205 9508      	RET
                 
                 __MINRES:
000206 efef      	SER  R30
000207 efff      	SER  R31
000208 e76f      	LDI  R22,0x7F
000209 ef7f      	SER  R23
00020a 915f      	POP  R21
00020b 9508      	RET
                 
                 __MAXRES:
00020c efef      	SER  R30
00020d efff      	SER  R31
00020e e76f      	LDI  R22,0x7F
00020f e77f      	LDI  R23,0x7F
000210 915f      	POP  R21
000211 9508      	RET
                 
                 __DIVF21:
000212 935f      	PUSH R21
000213 df86      	RCALL __UNPACK
000214 3870      	CPI  R23,0x80
000215 f421      	BRNE __DIVF210
000216 2011      	TST  R1
                 __DIVF211:
000217 f40a      	BRPL __DIVF219
000218 cfed      	RJMP __MINRES
                 __DIVF219:
000219 cff2      	RJMP __MAXRES
                 __DIVF210:
00021a 3890      	CPI  R25,0x80
00021b f409      	BRNE __DIVF218
                 __DIVF217:
00021c cfe3      	RJMP __ZERORES
                 __DIVF218:
00021d 2401      	EOR  R0,R1
00021e 9408      	SEC
00021f 0b97      	SBC  R25,R23
000220 f41b      	BRVC __DIVF216
000221 f3d4      	BRLT __DIVF217
000222 2000      	TST  R0
000223 cff3      	RJMP __DIVF211
                 __DIVF216:
000224 2f79      	MOV  R23,R25
000225 931f      	PUSH R17
000226 932f      	PUSH R18
000227 933f      	PUSH R19
000228 934f      	PUSH R20
000229 2411      	CLR  R1
00022a 2711      	CLR  R17
00022b 2722      	CLR  R18
00022c 2733      	CLR  R19
00022d 2744      	CLR  R20
00022e 2755      	CLR  R21
00022f e290      	LDI  R25,32
                 __DIVF212:
000230 17ae      	CP   R26,R30
000231 07bf      	CPC  R27,R31
000232 0786      	CPC  R24,R22
000233 0741      	CPC  R20,R17
000234 f030      	BRLO __DIVF213
000235 1bae      	SUB  R26,R30
000236 0bbf      	SBC  R27,R31
000237 0b86      	SBC  R24,R22
000238 0b41      	SBC  R20,R17
000239 9408      	SEC
00023a c001      	RJMP __DIVF214
                 __DIVF213:
00023b 9488      	CLC
                 __DIVF214:
00023c 1f55      	ROL  R21
00023d 1f22      	ROL  R18
00023e 1f33      	ROL  R19
00023f 1c11      	ROL  R1
000240 1faa      	ROL  R26
000241 1fbb      	ROL  R27
000242 1f88      	ROL  R24
000243 1f44      	ROL  R20
000244 959a      	DEC  R25
000245 f751      	BRNE __DIVF212
000246 01f9      	MOVW R30,R18
000247 2d61      	MOV  R22,R1
000248 914f      	POP  R20
000249 913f      	POP  R19
00024a 912f      	POP  R18
00024b 911f      	POP  R17
00024c 2366      	TST  R22
00024d f032      	BRMI __DIVF215
00024e 0f55      	LSL  R21
00024f 1fee      	ROL  R30
000250 1fff      	ROL  R31
000251 1f66      	ROL  R22
000252 957a      	DEC  R23
000253 f243      	BRVS __DIVF217
                 __DIVF215:
000254 df29      	RCALL __ROUND_REPACK
000255 915f      	POP  R21
000256 9508      	RET
                 
                 __CMPF12:
000257 2399      	TST  R25
000258 f09a      	BRMI __CMPF120
000259 2377      	TST  R23
00025a f042      	BRMI __CMPF121
00025b 1797      	CP   R25,R23
00025c f048      	BRLO __CMPF122
00025d f429      	BRNE __CMPF121
00025e 17ae      	CP   R26,R30
00025f 07bf      	CPC  R27,R31
000260 0786      	CPC  R24,R22
000261 f020      	BRLO __CMPF122
000262 f031      	BREQ __CMPF123
                 __CMPF121:
000263 9498      	CLZ
000264 9488      	CLC
000265 9508      	RET
                 __CMPF122:
000266 9498      	CLZ
000267 9408      	SEC
000268 9508      	RET
                 __CMPF123:
000269 9418      	SEZ
00026a 9488      	CLC
00026b 9508      	RET
                 __CMPF120:
00026c 2377      	TST  R23
00026d f7c2      	BRPL __CMPF122
00026e 1797      	CP   R25,R23
00026f f398      	BRLO __CMPF121
000270 f7a9      	BRNE __CMPF122
000271 17ea      	CP   R30,R26
000272 07fb      	CPC  R31,R27
000273 0768      	CPC  R22,R24
000274 f388      	BRLO __CMPF122
000275 f399      	BREQ __CMPF123
000276 cfec      	RJMP __CMPF121
                 
                 __GEF12:
000277 dfdf      	RCALL __CMPF12
000278 e0e1      	LDI  R30,1
000279 f011      	BREQ __GEF120
00027a f408      	BRCC __GEF120
00027b 27ee      	CLR  R30
                 __GEF120:
00027c 9508      	RET
                 
                 __ANEGD1:
00027d 95f0      	COM  R31
00027e 9560      	COM  R22
00027f 9570      	COM  R23
000280 95e1      	NEG  R30
000281 4fff      	SBCI R31,-1
000282 4f6f      	SBCI R22,-1
000283 4f7f      	SBCI R23,-1
000284 9508      	RET
                 
                 __CWD1:
000285 2f6f      	MOV  R22,R31
000286 0f66      	ADD  R22,R22
000287 0b66      	SBC  R22,R22
000288 2f76      	MOV  R23,R22
000289 9508      	RET
                 
                 __CWD2:
00028a 2f8b      	MOV  R24,R27
00028b 0f88      	ADD  R24,R24
00028c 0b88      	SBC  R24,R24
00028d 2f98      	MOV  R25,R24
00028e 9508      	RET
                 
                 __GETD1S0:
00028f 81e8      	LD   R30,Y
000290 81f9      	LDD  R31,Y+1
000291 816a      	LDD  R22,Y+2
000292 817b      	LDD  R23,Y+3
000293 9508      	RET
                 
                 __GETD2S0:
000294 81a8      	LD   R26,Y
000295 81b9      	LDD  R27,Y+1
000296 818a      	LDD  R24,Y+2
000297 819b      	LDD  R25,Y+3
000298 9508      	RET
                 
                 __PUTPARD2:
000299 939a      	ST   -Y,R25
00029a 938a      	ST   -Y,R24
00029b 93ba      	ST   -Y,R27
00029c 93aa      	ST   -Y,R26
00029d 9508      	RET
                 
                 __CDF2U:
00029e 9468      	SET
00029f c001      	RJMP __CDF2U0
                 __CDF2:
0002a0 94e8      	CLT
                 __CDF2U0:
0002a1 d001      	RCALL __SWAPD12
0002a2 df42      	RCALL __CDF1U0
                 
                 __SWAPD12:
0002a3 2e18      	MOV  R1,R24
0002a4 2f86      	MOV  R24,R22
0002a5 2d61      	MOV  R22,R1
0002a6 2e19      	MOV  R1,R25
0002a7 2f97      	MOV  R25,R23
0002a8 2d71      	MOV  R23,R1
                 
                 __SWAPW12:
0002a9 2e1b      	MOV  R1,R27
0002aa 2fbf      	MOV  R27,R31
0002ab 2df1      	MOV  R31,R1
                 
                 __SWAPB12:
0002ac 2e1a      	MOV  R1,R26
0002ad 2fae      	MOV  R26,R30
0002ae 2de1      	MOV  R30,R1
0002af 9508      	RET
                 
                 ;END OF CODE MARKER
                 __END_OF_CODE:


RESOURCE USE INFORMATION
------------------------

Notice:
The register and instruction counts are symbol table hit counts,
and hence implicitly used resources are not counted, eg, the
'lpm' instruction without operands implicitly uses r0 and z,
none of which are counted.

x,y,z are separate entities in the symbol table and are
counted separately from r26..r31 here.

.dseg memory usage only counts static data declared with .byte

ATmega16 register use summary:
r0 :  17 r1 :  20 r2 :   0 r3 :   0 r4 :   1 r5 :   0 r6 :   2 r7 :   0 
r8 :   1 r9 :   0 r10:   4 r11:   3 r12:   4 r13:   3 r14:   0 r15:   0 
r16:   3 r17:   7 r18:   5 r19:   4 r20:   6 r21:  40 r22:  40 r23:  39 
r24:  30 r25:  21 r26:  24 r27:  15 r28:   5 r29:   1 r30: 113 r31:  34 
x  :   3 y  :  22 z  :   7 
Registers used: 28 out of 35 (80.0%)

ATmega16 instruction use summary:
.lds  :   0 .lds.l:   0 .sts  :   0 .sts.l:   0 adc   :   2 add   :   2 
adiw  :   5 and   :   2 andi  :   0 asr   :   0 bclr  :   0 bld   :   1 
brbc  :   0 brbs  :   0 brcc  :   2 brcs  :   0 break :   0 breq  :  13 
brge  :   0 brhc  :   0 brhs  :   0 brid  :   0 brie  :   0 brlo  :   8 
brlt  :   1 brmi  :   5 brne  :  17 brpl  :   6 brsh  :   4 brtc  :   1 
brts  :   1 brvc  :   1 brvs  :   2 bset  :   0 bst   :   0 call  :  23 
cbi   :   7 cbr   :   0 clc   :   3 clh   :   0 cli   :   1 cln   :   0 
clr   :  22 cls   :   0 clt   :   3 clv   :   0 clz   :   2 com   :   4 
cp    :   6 cpc   :   8 cpi   :   9 cpse  :   0 dec   :   7 des   :   0 
eor   :   4 fmul  :   0 fmuls :   0 fmulsu:   0 icall :   0 ijmp  :   0 
in    :   2 inc   :   0 jmp   :  22 ld    :   6 ldd   :   7 ldi   :  55 
lds   :   6 lpm   :   7 lsl   :   9 lsr   :   1 mov   :  30 movw  :  15 
mul   :   0 muls  :   0 mulsu :   0 neg   :   2 nop   :   0 or    :   2 
ori   :   0 out   :  44 pop   :  10 push  :   9 rcall :  35 ret   :  30 
reti  :   0 rjmp  :  42 rol   :  19 ror   :   7 sbc   :   6 sbci  :   5 
sbi   :  10 sbic  :   0 sbis  :   6 sbiw  :  12 sbr   :   0 sbrc  :   0 
sbrs  :   1 sec   :   3 seh   :   0 sei   :   0 sen   :   0 ser   :   8 
ses   :   0 set   :   3 sev   :   0 sez   :   1 sleep :   0 spm   :   0 
st    :  11 std   :   1 sts   :   0 sub   :   2 subi  :   1 swap  :   0 
tst   :  13 wdr   :   1 
Instructions used: 67 out of 116 (57.8%)

ATmega16 memory use summary [bytes]:
Segment   Begin    End      Code   Data   Used    Size   Use%
---------------------------------------------------------------
[.cseg] 0x000000 0x000560   1334     42   1376   16384   8.4%
[.dseg] 0x000060 0x00016c      0     12     12    1024   1.2%
[.eseg] 0x000000 0x000000      0      0      0     512   0.0%

Assembly complete, 0 errors, 10 warnings
